1506739094235	geckodriver	INFO	geckodriver 0.19.0
1506739094254	geckodriver	INFO	Listening on 127.0.0.1:10120
1506739096126	mozrunner::runner	INFO	Running command: "C:\\Program Files\\Mozilla Firefox\\firefox.exe" "-marionette" "-profile" "C:\\Users\\NEO\\AppData\\Local\\Temp\\rust_mozprofile.EQEeOFKeJRPv"
1506739098027	addons.xpi	WARN	Error parsing extensions state: [Exception... "Component returned failure code: 0x80520012 (NS_ERROR_FILE_NOT_FOUND) [amIAddonManagerStartup.readStartupData]"  nsresult: "0x80520012 (NS_ERROR_FILE_NOT_FOUND)"  location: "JS frame :: resource://gre/modules/addons/XPIProvider.jsm :: loadExtensionState :: line 1596"  data: no] Stack trace: loadExtensionState()@resource://gre/modules/addons/XPIProvider.jsm:1596 < getInstallState()@resource://gre/modules/addons/XPIProvider.jsm:1631 < checkForChanges()@resource://gre/modules/addons/XPIProvider.jsm:3152 < startup()@resource://gre/modules/addons/XPIProvider.jsm:2246 < callProvider()@resource://gre/modules/AddonManager.jsm:271 < _startProvider()@resource://gre/modules/AddonManager.jsm:741 < startup()@resource://gre/modules/AddonManager.jsm:908 < startup()@resource://gre/modules/AddonManager.jsm:3122 < observe()@jar:file:///C:/Program%20Files/Mozilla%20Firefox/omni.ja!/components/addonManager.js:65
1506739099271	Marionette	INFO	Enabled via --marionette
Unable to read VR Path Registry from C:\Users\NEO\AppData\Local\openvr\openvrpaths.vrpath
[GPU 6388] WARNING: pipe error: 109: file c:/builds/moz2_slave/m-rel-w64-00000000000000000000/build/src/ipc/chromium/src/chrome/common/ipc_channel_win.cc, line 346
1506739110120	Marionette	INFO	Listening on port 10126
1506739110207	Marionette	INFO	Listening on port 10126
1506739110434	Marionette	WARN	TLS certificate errors will be ignored for this session
1506739110516	Marionette	DEBUG	loaded listener.js
1506739122045	Marionette	DEBUG	Received DOM event "beforeunload" for "about:blank"
1506739122496	Marionette	DEBUG	Received DOM event "pagehide" for "about:blank"
1506739122496	Marionette	DEBUG	Received DOM event "unload" for "about:blank"
1506739128563	Marionette	DEBUG	Received DOM event "DOMContentLoaded" for "https://www.baidu.com/"
1506739128756	Marionette	DEBUG	Received DOM event "pageshow" for "https://www.baidu.com/"
Unable to read VR Path Registry from C:\Users\NEO\AppData\Local\openvr\openvrpaths.vrpath
JavaScript error: https://sp0.baidu.com/5a1Fazu8AA54nxGko9WTAnF6hhy/su?wd=IT%E6%95%99&json=1&p=3&sid=1429_21081_20929&req=2&csor=3&pwd=IT&cb=jQuery11020796251385390988_1506739128279&_=1506739128283, line 1: TypeError: jQuery11020796251385390988_1506739128279 is not a function
JavaScript error: https://sp0.baidu.com/5a1Fazu8AA54nxGko9WTAnF6hhy/su?wd=IT&json=1&p=3&sid=1429_21081_20929&req=2&csor=2&pwd=I&cb=jQuery11020796251385390988_1506739128279&_=1506739128282, line 1: TypeError: jQuery11020796251385390988_1506739128279 is not a function
JavaScript error: https://sp0.baidu.com/5a1Fazu8AA54nxGko9WTAnF6hhy/su?wd=IT%E6%95%99%E8%82%B2&json=1&p=3&sid=1429_21081_20929&req=2&csor=4&pwd=IT%E6%95%99&cb=jQuery11020796251385390988_1506739128279&_=1506739128284, line 1: TypeError: jQuery11020796251385390988_1506739128279 is not a function
JavaScript error: https://sp0.baidu.com/5a1Fazu8AA54nxGko9WTAnF6hhy/su?wd=I&json=1&p=3&sid=1429_21081_20929&req=2&csor=1&cb=jQuery11020796251385390988_1506739128279&_=1506739128281, line 1: TypeError: jQuery11020796251385390988_1506739128279 is not a function
1506739129202	Marionette	DEBUG	Canceled page load listener because no navigation has been detected
1506739130965	Marionette	DEBUG	Canceled page load listener because no navigation has been detected
